[Header]
LOC=20160322-16:52:33.850,UTC=20160322-16:52:33.850,DELTA=211,THR=9,INFO ,LOG=CustomLog,CustomLog() [STATIC CTOR] - About to start CustomLog Thread...
LOC=20160322-16:52:33.864,UTC=20160322-16:52:33.864,DELTA=225,THR=9,INFO ,LOG=CustomLog,CustomLog() [STATIC CTOR] - CustomLog Thread started...
LOC=20160322-16:52:33.990,UTC=20160322-16:52:33.990,DELTA=351,THR=CUSTOMLOG,DEBUG,LOG=CustomLog,DQ=000000,NQ=000000,NQUTC=16:52:33.975,NQTHR=009,Program,Main() - Entering
LOC=20160322-16:52:33.991,UTC=20160322-16:52:33.991,DELTA=352,THR=CUSTOMLOG,DEBUG,LOG=CustomLog,DQ=000000,NQ=000000,NQUTC=16:52:33.991,NQTHR=009,Account,Roll() - Position is zero; Not rolling zero position.
LOC=20160322-16:52:33.992,UTC=20160322-16:52:33.992,DELTA=353,THR=CUSTOMLOG,DEBUG,LOG=CustomLog,DQ=000000,NQ=000000,NQUTC=16:52:33.992,NQTHR=009,Account,Dump() [No position, expecting no position after roll] - Balance=0.0, Position=0, Strike=0001-01-01, Name=Acc1
LOC=20160322-16:52:33.993,UTC=20160322-16:52:33.993,DELTA=354,THR=CUSTOMLOG,DEBUG,LOG=CustomLog,DQ=000000,NQ=000000,NQUTC=16:52:33.993,NQTHR=009,Account,Roll() - Position is zero; Not rolling zero position.
LOC=20160322-16:52:33.993,UTC=20160322-16:52:33.993,DELTA=354,THR=CUSTOMLOG,DEBUG,LOG=CustomLog,DQ=000000,NQ=000000,NQUTC=16:52:33.993,NQTHR=009,Account,Dump() [No position, expecting no change] - Balance=5, Position=0, Strike=0001-01-01, Name=Acc1
LOC=20160322-16:52:33.993,UTC=20160322-16:52:33.993,DELTA=354,THR=CUSTOMLOG,DEBUG,LOG=CustomLog,DQ=000000,NQ=000000,NQUTC=16:52:33.993,NQTHR=009,Account,Roll() - Position is zero; Not rolling zero position.
LOC=20160322-16:52:33.993,UTC=20160322-16:52:33.993,DELTA=354,THR=CUSTOMLOG,DEBUG,LOG=CustomLog,DQ=000000,NQ=000000,NQUTC=16:52:33.993,NQTHR=009,Account,Dump() [No position, expecting no change] - Balance=-5, Position=0, Strike=0001-01-01, Name=Acc1
LOC=20160322-16:52:34.002,UTC=20160322-16:52:34.002,DELTA=363,THR=CUSTOMLOG,DEBUG,LOG=CustomLog,DQ=000000,NQ=000000,NQUTC=16:52:34.002,NQTHR=009,MarketStrike,loadStrikes() - 143 Market Strike Lines Iterated.
LOC=20160322-16:52:34.003,UTC=20160322-16:52:34.003,DELTA=364,THR=CUSTOMLOG,DEBUG,LOG=CustomLog,DQ=000000,NQ=000000,NQUTC=16:52:34.003,NQTHR=009,MarketStrike,loadStrikes() - 143 Market Strikes Loaded.
LOC=20160322-16:52:34.009,UTC=20160322-16:52:34.009,DELTA=370,THR=CUSTOMLOG,DEBUG,LOG=CustomLog,DQ=000000,NQ=000000,NQUTC=16:52:34.009,NQTHR=009,InterestRate,loadRates() - 37 Interest Rate Lines Iterated.
LOC=20160322-16:52:34.009,UTC=20160322-16:52:34.009,DELTA=370,THR=CUSTOMLOG,DEBUG,LOG=CustomLog,DQ=000000,NQ=000000,NQUTC=16:52:34.009,NQTHR=009,InterestRate,loadRates() - 37 Interest Rates Loaded.
LOC=20160322-16:52:34.011,UTC=20160322-16:52:34.011,DELTA=372,THR=CUSTOMLOG,DEBUG,LOG=CustomLog,DQ=000000,NQ=000000,NQUTC=16:52:34.011,NQTHR=009,Account,LiquidatePosition() - Date: [2015-04-01], Market Price for [01/06/2015 00:00:00] strike is [0.9923123287671232876712328783]
LOC=20160322-16:52:34.011,UTC=20160322-16:52:34.011,DELTA=372,THR=CUSTOMLOG,DEBUG,LOG=CustomLog,DQ=000000,NQ=000000,NQUTC=16:52:34.011,NQTHR=009,Account,LiquidatePosition() - Current State: [Balance=4.97, Position=0], Previous State: [Balance=0, Position=5, Strike=2015-06-01]
LOC=20160322-16:52:34.016,UTC=20160322-16:52:34.016,DELTA=377,THR=CUSTOMLOG,DEBUG,LOG=CustomLog,DQ=000000,NQ=000000,NQUTC=16:52:34.016,NQTHR=009,Account,TakePosition() - Date: [2015-04-01], Market Price for [2015-06-01] strike is [0.9923123287671232876712328783]
LOC=20160322-16:52:34.017,UTC=20160322-16:52:34.017,DELTA=378,THR=CUSTOMLOG,DEBUG,LOG=CustomLog,DQ=000000,NQ=000000,NQUTC=16:52:34.017,NQTHR=009,Account,TakePosition() - Current State: [Balance=0, Position=5, Strike=2015-06-01], Previous State: [Balance=4.97, Position=0, Strike=0001-01-01]
LOC=20160322-16:52:34.017,UTC=20160322-16:52:34.017,DELTA=378,THR=CUSTOMLOG,DEBUG,LOG=CustomLog,DQ=000000,NQ=000000,NQUTC=16:52:34.017,NQTHR=009,Account,Dump() [Expect to buy 5 contracts in June strike, no change.] - Balance=0, Position=5, Strike=2015-06-01, Name=Acc1
LOC=20160322-16:52:34.017,UTC=20160322-16:52:34.017,DELTA=378,THR=CUSTOMLOG,DEBUG,LOG=CustomLog,DQ=000000,NQ=000000,NQUTC=16:52:34.017,NQTHR=009,Account,LiquidatePosition() - Date: [2015-04-02], Market Price for [01/06/2015 00:00:00] strike is [0.9924383561643835616438356180]
LOC=20160322-16:52:34.017,UTC=20160322-16:52:34.017,DELTA=378,THR=CUSTOMLOG,DEBUG,LOG=CustomLog,DQ=000000,NQ=000000,NQUTC=16:52:34.017,NQTHR=009,Account,LiquidatePosition() - Current State: [Balance=4.97, Position=0], Previous State: [Balance=0, Position=5, Strike=2015-06-01]
LOC=20160322-16:52:34.018,UTC=20160322-16:52:34.018,DELTA=379,THR=CUSTOMLOG,DEBUG,LOG=CustomLog,DQ=000000,NQ=000000,NQUTC=16:52:34.018,NQTHR=009,Account,TakePosition() - Date: [2015-04-02], Market Price for [2015-07-01] strike is [0.9886575342465753424657534270]
LOC=20160322-16:52:34.018,UTC=20160322-16:52:34.018,DELTA=379,THR=CUSTOMLOG,DEBUG,LOG=CustomLog,DQ=000000,NQ=000000,NQUTC=16:52:34.018,NQTHR=009,Account,TakePosition() - Current State: [Balance=0.02, Position=5, Strike=2015-07-01], Previous State: [Balance=4.97, Position=0, Strike=0001-01-01]
LOC=20160322-16:52:34.018,UTC=20160322-16:52:34.018,DELTA=379,THR=CUSTOMLOG,DEBUG,LOG=CustomLog,DQ=000000,NQ=000000,NQUTC=16:52:34.018,NQTHR=009,Account,Dump() [Expect to buy 5 contracts in July strike, cheaper, leaving residual balance] - Balance=0.02, Position=5, Strike=2015-07-01, Name=Acc1
LOC=20160322-16:52:34.019,UTC=20160322-16:52:34.019,DELTA=380,THR=CUSTOMLOG,DEBUG,LOG=CustomLog,DQ=000000,NQ=000000,NQUTC=16:52:34.019,NQTHR=009,Account,LiquidatePosition() - Date: [2015-04-03], Market Price for [01/06/2015 00:00:00] strike is [0.9925643835616438356164383577]
LOC=20160322-16:52:34.019,UTC=20160322-16:52:34.019,DELTA=380,THR=CUSTOMLOG,DEBUG,LOG=CustomLog,DQ=000000,NQ=000000,NQUTC=16:52:34.019,NQTHR=009,Account,LiquidatePosition() - Current State: [Balance=4.97, Position=0], Previous State: [Balance=0, Position=5, Strike=2015-06-01]
LOC=20160322-16:52:34.021,UTC=20160322-16:52:34.021,DELTA=382,THR=CUSTOMLOG,DEBUG,LOG=CustomLog,DQ=000000,NQ=000000,NQUTC=16:52:34.021,NQTHR=009,Account,TakePosition() - Date: [2015-04-03], Market Price for [2015-07-01] strike is [0.9887835616438356164383561667]
LOC=20160322-16:52:34.021,UTC=20160322-16:52:34.021,DELTA=382,THR=CUSTOMLOG,DEBUG,LOG=CustomLog,DQ=000000,NQ=000000,NQUTC=16:52:34.021,NQTHR=009,Account,TakePosition() - Current State: [Balance=0.02, Position=5, Strike=2015-07-01], Previous State: [Balance=4.97, Position=0, Strike=0001-01-01]
LOC=20160322-16:52:34.022,UTC=20160322-16:52:34.022,DELTA=383,THR=CUSTOMLOG,DEBUG,LOG=CustomLog,DQ=000000,NQ=000000,NQUTC=16:52:34.022,NQTHR=009,Account,Dump() [Expect to buy 5 contracts in July strike, cheaper, leaving residual balance] - Balance=0.02, Position=5, Strike=2015-07-01, Name=Acc1
LOC=20160322-16:52:34.022,UTC=20160322-16:52:34.022,DELTA=383,THR=CUSTOMLOG,DEBUG,LOG=CustomLog,DQ=000000,NQ=000000,NQUTC=16:52:34.022,NQTHR=009,Account,LiquidatePosition() - Date: [2015-04-01], Market Price for [01/06/2015 00:00:00] strike is [0.9923123287671232876712328783]
LOC=20160322-16:52:34.023,UTC=20160322-16:52:34.023,DELTA=384,THR=CUSTOMLOG,DEBUG,LOG=CustomLog,DQ=000000,NQ=000000,NQUTC=16:52:34.023,NQTHR=009,Account,LiquidatePosition() - Current State: [Balance=-4.96, Position=0], Previous State: [Balance=0, Position=-5, Strike=2015-06-01]
LOC=20160322-16:52:34.023,UTC=20160322-16:52:34.023,DELTA=384,THR=CUSTOMLOG,DEBUG,LOG=CustomLog,DQ=000000,NQ=000000,NQUTC=16:52:34.023,NQTHR=009,Account,TakePosition() - Date: [2015-04-01], Market Price for [2015-06-01] strike is [0.9923123287671232876712328783]
LOC=20160322-16:52:34.024,UTC=20160322-16:52:34.024,DELTA=385,THR=CUSTOMLOG,DEBUG,LOG=CustomLog,DQ=000000,NQ=000000,NQUTC=16:52:34.024,NQTHR=009,Account,TakePosition() - Current State: [Balance=0, Position=-5, Strike=2015-06-01], Previous State: [Balance=-4.96, Position=0, Strike=0001-01-01]
LOC=20160322-16:52:34.025,UTC=20160322-16:52:34.025,DELTA=386,THR=CUSTOMLOG,DEBUG,LOG=CustomLog,DQ=000000,NQ=000000,NQUTC=16:52:34.025,NQTHR=009,Account,Dump() [Expect to sell 5 contracts, no change] - Balance=0, Position=-5, Strike=2015-06-01, Name=Acc1
LOC=20160322-16:52:34.025,UTC=20160322-16:52:34.025,DELTA=386,THR=CUSTOMLOG,DEBUG,LOG=CustomLog,DQ=000000,NQ=000000,NQUTC=16:52:34.025,NQTHR=009,Account,LiquidatePosition() - Date: [2015-04-02], Market Price for [01/06/2015 00:00:00] strike is [0.9924383561643835616438356180]
LOC=20160322-16:52:34.026,UTC=20160322-16:52:34.026,DELTA=387,THR=CUSTOMLOG,DEBUG,LOG=CustomLog,DQ=000000,NQ=000000,NQUTC=16:52:34.026,NQTHR=009,Account,LiquidatePosition() - Current State: [Balance=-4.96, Position=0], Previous State: [Balance=0, Position=-5, Strike=2015-06-01]
LOC=20160322-16:52:34.027,UTC=20160322-16:52:34.027,DELTA=388,THR=CUSTOMLOG,DEBUG,LOG=CustomLog,DQ=000000,NQ=000000,NQUTC=16:52:34.027,NQTHR=009,Account,TakePosition() - Date: [2015-04-02], Market Price for [2015-07-01] strike is [0.9886575342465753424657534270]
LOC=20160322-16:52:34.027,UTC=20160322-16:52:34.027,DELTA=388,THR=CUSTOMLOG,DEBUG,LOG=CustomLog,DQ=000000,NQ=000000,NQUTC=16:52:34.027,NQTHR=009,Account,TakePosition() - Current State: [Balance=0.97, Position=-6, Strike=2015-07-01], Previous State: [Balance=-4.96, Position=0, Strike=0001-01-01]
LOC=20160322-16:52:34.027,UTC=20160322-16:52:34.027,DELTA=388,THR=CUSTOMLOG,DEBUG,LOG=CustomLog,DQ=000000,NQ=000000,NQUTC=16:52:34.027,NQTHR=009,Account,Dump() [Expect to sell 6 contracts in July strike, leaving residual positive balance] - Balance=0.97, Position=-6, Strike=2015-07-01, Name=Acc1
LOC=20160322-16:52:34.028,UTC=20160322-16:52:34.028,DELTA=389,THR=CUSTOMLOG,DEBUG,LOG=CustomLog,DQ=000000,NQ=000000,NQUTC=16:52:34.028,NQTHR=009,Account,LiquidatePosition() - Date: [2015-04-03], Market Price for [01/06/2015 00:00:00] strike is [0.9925643835616438356164383577]
LOC=20160322-16:52:34.029,UTC=20160322-16:52:34.029,DELTA=390,THR=CUSTOMLOG,DEBUG,LOG=CustomLog,DQ=000000,NQ=000000,NQUTC=16:52:34.029,NQTHR=009,Account,LiquidatePosition() - Current State: [Balance=-4.96, Position=0], Previous State: [Balance=0, Position=-5, Strike=2015-06-01]
LOC=20160322-16:52:34.029,UTC=20160322-16:52:34.029,DELTA=390,THR=CUSTOMLOG,DEBUG,LOG=CustomLog,DQ=000000,NQ=000000,NQUTC=16:52:34.029,NQTHR=009,Account,TakePosition() - Date: [2015-04-03], Market Price for [2015-07-01] strike is [0.9887835616438356164383561667]
LOC=20160322-16:52:34.030,UTC=20160322-16:52:34.030,DELTA=391,THR=CUSTOMLOG,DEBUG,LOG=CustomLog,DQ=000000,NQ=000000,NQUTC=16:52:34.030,NQTHR=009,Account,TakePosition() - Current State: [Balance=0.97, Position=-6, Strike=2015-07-01], Previous State: [Balance=-4.96, Position=0, Strike=0001-01-01]
LOC=20160322-16:52:34.031,UTC=20160322-16:52:34.031,DELTA=392,THR=CUSTOMLOG,DEBUG,LOG=CustomLog,DQ=000000,NQ=000000,NQUTC=16:52:34.031,NQTHR=009,Account,Dump() [Expect to sell 6 contracts in July strike, leaving residual positive balance] - Balance=0.97, Position=-6, Strike=2015-07-01, Name=Acc1
LOC=20160322-16:52:34.031,UTC=20160322-16:52:34.031,DELTA=392,THR=CUSTOMLOG,DEBUG,LOG=CustomLog,DQ=000000,NQ=000000,NQUTC=16:52:34.031,NQTHR=009,Account,LiquidatePosition() - Date: [2015-04-12], Market Price for [01/06/2015 00:00:00] strike is [0.9936986301369863013698630150]
LOC=20160322-16:52:34.031,UTC=20160322-16:52:34.031,DELTA=392,THR=CUSTOMLOG,DEBUG,LOG=CustomLog,DQ=000000,NQ=000000,NQUTC=16:52:34.031,NQTHR=009,Account,LiquidatePosition() - Current State: [Balance=7.97, Position=0], Previous State: [Balance=3, Position=5, Strike=2015-06-01]
LOC=20160322-16:52:34.031,UTC=20160322-16:52:34.031,DELTA=392,THR=CUSTOMLOG,DEBUG,LOG=CustomLog,DQ=000000,NQ=000000,NQUTC=16:52:34.031,NQTHR=009,Account,TakePosition() - Date: [2015-04-12], Market Price for [2015-07-01] strike is [0.9899178082191780821917808240]
LOC=20160322-16:52:34.033,UTC=20160322-16:52:34.033,DELTA=394,THR=CUSTOMLOG,DEBUG,LOG=CustomLog,DQ=000000,NQ=000000,NQUTC=16:52:34.033,NQTHR=009,Account,TakePosition() - Current State: [Balance=0.05, Position=8, Strike=2015-07-01], Previous State: [Balance=7.97, Position=0, Strike=0001-01-01]
LOC=20160322-16:52:34.034,UTC=20160322-16:52:34.034,DELTA=395,THR=CUSTOMLOG,DEBUG,LOG=CustomLog,DQ=000000,NQ=000000,NQUTC=16:52:34.034,NQTHR=009,Account,Dump() [Expect to buy more contracts (total=8) in July strike, using additional 3 pounds] - Balance=0.05, Position=8, Strike=2015-07-01, Name=Acc1
LOC=20160322-16:52:42.963,UTC=20160322-16:52:42.963,DELTA=9324,THR=CUSTOMLOG,DEBUG,LOG=CustomLog,DQ=000003,NQ=000000,NQUTC=16:52:42.953,NQTHR=009,Account,LiquidatePosition() - Date: [2015-04-12], Market Price for [01/06/2015 00:00:00] strike is [0.9936986301369863013698630150]
LOC=20160322-16:52:42.987,UTC=20160322-16:52:42.987,DELTA=9348,THR=CUSTOMLOG,DEBUG,LOG=CustomLog,DQ=000002,NQ=000001,NQUTC=16:52:42.954,NQTHR=009,Account,LiquidatePosition() - Current State: [Balance=1.97, Position=0], Previous State: [Balance=-3, Position=5, Strike=2015-06-01]
LOC=20160322-16:52:42.987,UTC=20160322-16:52:42.987,DELTA=9348,THR=CUSTOMLOG,DEBUG,LOG=CustomLog,DQ=000001,NQ=000002,NQUTC=16:52:42.955,NQTHR=009,Account,TakePosition() - Date: [2015-04-12], Market Price for [2015-07-01] strike is [0.9899178082191780821917808240]
LOC=20160322-16:52:42.987,UTC=20160322-16:52:42.987,DELTA=9348,THR=CUSTOMLOG,DEBUG,LOG=CustomLog,DQ=000000,NQ=000003,NQUTC=16:52:42.960,NQTHR=009,Account,TakePosition() - Current State: [Balance=0.98, Position=1, Strike=2015-07-01], Previous State: [Balance=1.97, Position=0, Strike=0001-01-01]
LOC=20160322-16:52:44.194,UTC=20160322-16:52:44.194,DELTA=10555,THR=CUSTOMLOG,DEBUG,LOG=CustomLog,DQ=000000,NQ=000000,NQUTC=16:52:44.193,NQTHR=009,Account,Dump() [Expect to buy fewer contracts (total=1) in July strike, using 3 fewer pounds] - Balance=0.98, Position=1, Strike=2015-07-01, Name=Acc1
LOC=20160322-16:53:30.557,UTC=20160322-16:53:30.557,DELTA=56918,THR=CUSTOMLOG,DEBUG,LOG=CustomLog,DQ=000000,NQ=000000,NQUTC=16:53:30.557,NQTHR=009,Account,LiquidatePosition() - Date: [2015-04-12], Market Price for [01/06/2015 00:00:00] strike is [0.9936986301369863013698630150]
LOC=20160322-16:53:46.951,UTC=20160322-16:53:46.951,DELTA=73312,THR=CUSTOMLOG,DEBUG,LOG=CustomLog,DQ=000000,NQ=000000,NQUTC=16:53:46.948,NQTHR=009,Account,LiquidatePosition() - Current State: [Balance=-1.96, Position=0], Previous State: [Balance=3, Position=-5, Strike=2015-06-01]
LOC=20160322-16:54:09.177,UTC=20160322-16:54:09.177,DELTA=95538,THR=CUSTOMLOG,DEBUG,LOG=CustomLog,DQ=000000,NQ=000000,NQUTC=16:54:09.177,NQTHR=009,Account,TakePosition() - Date: [2015-04-12], Market Price for [2015-07-01] strike is [0.9899178082191780821917808240]
LOC=20160322-16:54:55.611,UTC=20160322-16:54:55.611,DELTA=141972,THR=CUSTOMLOG,DEBUG,LOG=CustomLog,DQ=000000,NQ=000000,NQUTC=16:54:55.608,NQTHR=009,Account,TakePosition() - Current State: [Balance=0.01, Position=-2, Strike=2015-07-01], Previous State: [Balance=-1.96, Position=0, Strike=0001-01-01]
LOC=20160322-16:55:00.376,UTC=20160322-16:55:00.376,DELTA=146737,THR=CUSTOMLOG,DEBUG,LOG=CustomLog,DQ=000000,NQ=000000,NQUTC=16:55:00.376,NQTHR=009,Account,Dump() [Expect to sell more contracts (total=-2) in July strike] - Balance=0.01, Position=-2, Strike=2015-07-01, Name=Acc1
LOC=20160322-16:55:51.165,UTC=20160322-16:55:51.165,DELTA=197526,THR=CUSTOMLOG,DEBUG,LOG=CustomLog,DQ=000000,NQ=000000,NQUTC=16:55:51.165,NQTHR=009,Account,LiquidatePosition() - Date: [2015-04-12], Market Price for [01/06/2015 00:00:00] strike is [0.9936986301369863013698630150]
LOC=20160322-16:55:51.165,UTC=20160322-16:55:51.165,DELTA=197526,THR=CUSTOMLOG,DEBUG,LOG=CustomLog,DQ=000000,NQ=000000,NQUTC=16:55:51.165,NQTHR=009,Account,LiquidatePosition() - Current State: [Balance=-7.96, Position=0], Previous State: [Balance=-3, Position=-5, Strike=2015-06-01]
LOC=20160322-16:55:51.166,UTC=20160322-16:55:51.166,DELTA=197527,THR=CUSTOMLOG,DEBUG,LOG=CustomLog,DQ=000000,NQ=000000,NQUTC=16:55:51.166,NQTHR=009,Account,TakePosition() - Date: [2015-04-12], Market Price for [2015-07-01] strike is [0.9899178082191780821917808240]
LOC=20160322-16:55:51.167,UTC=20160322-16:55:51.167,DELTA=197528,THR=CUSTOMLOG,DEBUG,LOG=CustomLog,DQ=000000,NQ=000000,NQUTC=16:55:51.167,NQTHR=009,Account,TakePosition() - Current State: [Balance=0.94, Position=-9, Strike=2015-07-01], Previous State: [Balance=-7.96, Position=0, Strike=0001-01-01]
LOC=20160322-16:55:51.619,UTC=20160322-16:55:51.619,DELTA=197980,THR=CUSTOMLOG,DEBUG,LOG=CustomLog,DQ=000000,NQ=000000,NQUTC=16:55:51.619,NQTHR=009,Account,Dump() [Expect to sell more contracts (total=-8) in July strike] - Balance=0.94, Position=-9, Strike=2015-07-01, Name=Acc1
